<?xml version="1.0" encoding="UTF-8"?>
<robot generator="Robot 7.0.1 (Python 3.12.4 on win32)" generated="2024-06-16T23:44:24.971972" rpa="false" schemaversion="5">
<suite id="s1" name="Robot.Teste4" source="C:\Users\VINI\Desktop\robotcurso\Questão - 4\robot.teste4.robot">
<test id="s1-t1" name="Exercício" line="6">
<kw name="Exibir quantidade de numeros par">
<kw name="Set Variable" owner="BuiltIn">
<msg time="2024-06-16T23:44:25.005844" level="INFO">${qt_numero_par} = 0</msg>
<var>${qt_numero_par}</var>
<arg>0</arg>
<doc>Returns the given values which can then be assigned to a variables.</doc>
<status status="PASS" start="2024-06-16T23:44:25.005844" elapsed="0.000000"/>
</kw>
<for flavor="IN RANGE">
<iter>
<if>
<branch type="IF" condition="${i} % 2 == 0">
<kw name="Evaluate" owner="BuiltIn">
<msg time="2024-06-16T23:44:25.006873" level="INFO">${qt_numero_par} = 1</msg>
<var>${qt_numero_par}</var>
<arg>${qt_numero_par} + 1</arg>
<doc>Evaluates the given expression in Python and returns the result.</doc>
<status status="PASS" start="2024-06-16T23:44:25.006873" elapsed="0.000000"/>
</kw>
<status status="PASS" start="2024-06-16T23:44:25.006873" elapsed="0.000000"/>
</branch>
<status status="PASS" start="2024-06-16T23:44:25.006873" elapsed="0.000000"/>
</if>
<var name="${i}">0</var>
<status status="PASS" start="2024-06-16T23:44:25.006873" elapsed="0.000000"/>
</iter>
<iter>
<if>
<branch type="IF" condition="${i} % 2 == 0">
<kw name="Evaluate" owner="BuiltIn">
<var>${qt_numero_par}</var>
<arg>${qt_numero_par} + 1</arg>
<doc>Evaluates the given expression in Python and returns the result.</doc>
<status status="NOT RUN" start="2024-06-16T23:44:25.007868" elapsed="0.000000"/>
</kw>
<status status="NOT RUN" start="2024-06-16T23:44:25.006873" elapsed="0.000995"/>
</branch>
<status status="PASS" start="2024-06-16T23:44:25.006873" elapsed="0.000995"/>
</if>
<var name="${i}">1</var>
<status status="PASS" start="2024-06-16T23:44:25.006873" elapsed="0.000995"/>
</iter>
<iter>
<if>
<branch type="IF" condition="${i} % 2 == 0">
<kw name="Evaluate" owner="BuiltIn">
<msg time="2024-06-16T23:44:25.007868" level="INFO">${qt_numero_par} = 2</msg>
<var>${qt_numero_par}</var>
<arg>${qt_numero_par} + 1</arg>
<doc>Evaluates the given expression in Python and returns the result.</doc>
<status status="PASS" start="2024-06-16T23:44:25.007868" elapsed="0.000000"/>
</kw>
<status status="PASS" start="2024-06-16T23:44:25.007868" elapsed="0.000000"/>
</branch>
<status status="PASS" start="2024-06-16T23:44:25.007868" elapsed="0.000000"/>
</if>
<var name="${i}">2</var>
<status status="PASS" start="2024-06-16T23:44:25.007868" elapsed="0.000000"/>
</iter>
<iter>
<if>
<branch type="IF" condition="${i} % 2 == 0">
<kw name="Evaluate" owner="BuiltIn">
<var>${qt_numero_par}</var>
<arg>${qt_numero_par} + 1</arg>
<doc>Evaluates the given expression in Python and returns the result.</doc>
<status status="NOT RUN" start="2024-06-16T23:44:25.008866" elapsed="0.000000"/>
</kw>
<status status="NOT RUN" start="2024-06-16T23:44:25.007868" elapsed="0.000998"/>
</branch>
<status status="PASS" start="2024-06-16T23:44:25.007868" elapsed="0.000998"/>
</if>
<var name="${i}">3</var>
<status status="PASS" start="2024-06-16T23:44:25.007868" elapsed="0.000998"/>
</iter>
<iter>
<if>
<branch type="IF" condition="${i} % 2 == 0">
<kw name="Evaluate" owner="BuiltIn">
<msg time="2024-06-16T23:44:25.008866" level="INFO">${qt_numero_par} = 3</msg>
<var>${qt_numero_par}</var>
<arg>${qt_numero_par} + 1</arg>
<doc>Evaluates the given expression in Python and returns the result.</doc>
<status status="PASS" start="2024-06-16T23:44:25.008866" elapsed="0.000000"/>
</kw>
<status status="PASS" start="2024-06-16T23:44:25.008866" elapsed="0.000000"/>
</branch>
<status status="PASS" start="2024-06-16T23:44:25.008866" elapsed="0.000000"/>
</if>
<var name="${i}">4</var>
<status status="PASS" start="2024-06-16T23:44:25.008866" elapsed="0.000000"/>
</iter>
<iter>
<if>
<branch type="IF" condition="${i} % 2 == 0">
<kw name="Evaluate" owner="BuiltIn">
<var>${qt_numero_par}</var>
<arg>${qt_numero_par} + 1</arg>
<doc>Evaluates the given expression in Python and returns the result.</doc>
<status status="NOT RUN" start="2024-06-16T23:44:25.008866" elapsed="0.000000"/>
</kw>
<status status="NOT RUN" start="2024-06-16T23:44:25.008866" elapsed="0.000000"/>
</branch>
<status status="PASS" start="2024-06-16T23:44:25.008866" elapsed="0.000000"/>
</if>
<var name="${i}">5</var>
<status status="PASS" start="2024-06-16T23:44:25.008866" elapsed="0.000997"/>
</iter>
<iter>
<if>
<branch type="IF" condition="${i} % 2 == 0">
<kw name="Evaluate" owner="BuiltIn">
<msg time="2024-06-16T23:44:25.009863" level="INFO">${qt_numero_par} = 4</msg>
<var>${qt_numero_par}</var>
<arg>${qt_numero_par} + 1</arg>
<doc>Evaluates the given expression in Python and returns the result.</doc>
<status status="PASS" start="2024-06-16T23:44:25.009863" elapsed="0.000000"/>
</kw>
<status status="PASS" start="2024-06-16T23:44:25.009863" elapsed="0.000000"/>
</branch>
<status status="PASS" start="2024-06-16T23:44:25.009863" elapsed="0.000000"/>
</if>
<var name="${i}">6</var>
<status status="PASS" start="2024-06-16T23:44:25.009863" elapsed="0.000000"/>
</iter>
<iter>
<if>
<branch type="IF" condition="${i} % 2 == 0">
<kw name="Evaluate" owner="BuiltIn">
<var>${qt_numero_par}</var>
<arg>${qt_numero_par} + 1</arg>
<doc>Evaluates the given expression in Python and returns the result.</doc>
<status status="NOT RUN" start="2024-06-16T23:44:25.009863" elapsed="0.000000"/>
</kw>
<status status="NOT RUN" start="2024-06-16T23:44:25.009863" elapsed="0.000000"/>
</branch>
<status status="PASS" start="2024-06-16T23:44:25.009863" elapsed="0.000000"/>
</if>
<var name="${i}">7</var>
<status status="PASS" start="2024-06-16T23:44:25.009863" elapsed="0.000000"/>
</iter>
<iter>
<if>
<branch type="IF" condition="${i} % 2 == 0">
<kw name="Evaluate" owner="BuiltIn">
<msg time="2024-06-16T23:44:25.010860" level="INFO">${qt_numero_par} = 5</msg>
<var>${qt_numero_par}</var>
<arg>${qt_numero_par} + 1</arg>
<doc>Evaluates the given expression in Python and returns the result.</doc>
<status status="PASS" start="2024-06-16T23:44:25.010860" elapsed="0.000000"/>
</kw>
<status status="PASS" start="2024-06-16T23:44:25.009863" elapsed="0.000997"/>
</branch>
<status status="PASS" start="2024-06-16T23:44:25.009863" elapsed="0.000997"/>
</if>
<var name="${i}">8</var>
<status status="PASS" start="2024-06-16T23:44:25.009863" elapsed="0.000997"/>
</iter>
<iter>
<if>
<branch type="IF" condition="${i} % 2 == 0">
<kw name="Evaluate" owner="BuiltIn">
<var>${qt_numero_par}</var>
<arg>${qt_numero_par} + 1</arg>
<doc>Evaluates the given expression in Python and returns the result.</doc>
<status status="NOT RUN" start="2024-06-16T23:44:25.010860" elapsed="0.000000"/>
</kw>
<status status="NOT RUN" start="2024-06-16T23:44:25.010860" elapsed="0.000000"/>
</branch>
<status status="PASS" start="2024-06-16T23:44:25.010860" elapsed="0.000000"/>
</if>
<var name="${i}">9</var>
<status status="PASS" start="2024-06-16T23:44:25.010860" elapsed="0.000000"/>
</iter>
<var>${i}</var>
<value>0</value>
<value>10</value>
<status status="PASS" start="2024-06-16T23:44:25.006873" elapsed="0.003987"/>
</for>
<kw name="Log To Console" owner="BuiltIn">
<arg>.</arg>
<doc>Logs the given message to the console.</doc>
<status status="PASS" start="2024-06-16T23:44:25.010860" elapsed="0.000968"/>
</kw>
<kw name="Log To Console" owner="BuiltIn">
<arg>------------------------------</arg>
<doc>Logs the given message to the console.</doc>
<status status="PASS" start="2024-06-16T23:44:25.011828" elapsed="0.000000"/>
</kw>
<kw name="Log To Console" owner="BuiltIn">
<arg>quantidade de numeros par: ${qt_numero_par}</arg>
<doc>Logs the given message to the console.</doc>
<status status="PASS" start="2024-06-16T23:44:25.011828" elapsed="0.000997"/>
</kw>
<kw name="Log To Console" owner="BuiltIn">
<arg>------------------------------</arg>
<doc>Logs the given message to the console.</doc>
<status status="PASS" start="2024-06-16T23:44:25.012825" elapsed="0.000000"/>
</kw>
<status status="PASS" start="2024-06-16T23:44:25.005844" elapsed="0.006981"/>
</kw>
<status status="PASS" start="2024-06-16T23:44:25.004847" elapsed="0.008976"/>
</test>
<doc>Demonstração</doc>
<status status="PASS" start="2024-06-16T23:44:24.973928" elapsed="0.041920"/>
</suite>
<statistics>
<total>
<stat pass="1" fail="0" skip="0">All Tests</stat>
</total>
<tag>
</tag>
<suite>
<stat pass="1" fail="0" skip="0" id="s1" name="Robot.Teste4">Robot.Teste4</stat>
</suite>
</statistics>
<errors>
</errors>
</robot>
